<?xml version="1.0" encoding="UTF-8"?>
<testng-results skipped="0" failed="0" ignored="0" total="1" passed="1">
  <reporter-output>
  </reporter-output>
  <suite name="Default suite" duration-ms="109" started-at="2023-04-09T18:15:58 IST" finished-at="2023-04-09T18:15:58 IST">
    <groups>
    </groups>
    <test name="Default test" duration-ms="109" started-at="2023-04-09T18:15:58 IST" finished-at="2023-04-09T18:15:58 IST">
      <class name="colection.NewTestngclass">
        <test-method status="PASS" signature="beforeSuite()[pri:0, instance:colection.NewTestngclass@4b553d26]" name="beforeSuite" is-config="true" duration-ms="22" started-at="2023-04-09T18:15:58 IST" finished-at="2023-04-09T18:15:58 IST">
          <reporter-output>
          </reporter-output>
        </test-method> <!-- beforeSuite -->
        <test-method status="PASS" signature="beforeTest()[pri:0, instance:colection.NewTestngclass@4b553d26]" name="beforeTest" is-config="true" duration-ms="1" started-at="2023-04-09T18:15:58 IST" finished-at="2023-04-09T18:15:58 IST">
          <reporter-output>
          </reporter-output>
        </test-method> <!-- beforeTest -->
        <test-method status="PASS" signature="beforeClass()[pri:0, instance:colection.NewTestngclass@4b553d26]" name="beforeClass" is-config="true" duration-ms="1" started-at="2023-04-09T18:15:58 IST" finished-at="2023-04-09T18:15:58 IST">
          <reporter-output>
          </reporter-output>
        </test-method> <!-- beforeClass -->
        <test-method status="PASS" signature="beforeMethod()[pri:0, instance:colection.NewTestngclass@4b553d26]" name="beforeMethod" is-config="true" duration-ms="1" started-at="2023-04-09T18:15:58 IST" finished-at="2023-04-09T18:15:58 IST">
          <reporter-output>
          </reporter-output>
        </test-method> <!-- beforeMethod -->
        <test-method status="PASS" signature="f()[pri:0, instance:colection.NewTestngclass@4b553d26]" name="f" duration-ms="15" started-at="2023-04-09T18:15:58 IST" finished-at="2023-04-09T18:15:58 IST">
          <reporter-output>
          </reporter-output>
        </test-method> <!-- f -->
        <test-method status="PASS" signature="afterMethod()[pri:0, instance:colection.NewTestngclass@4b553d26]" name="afterMethod" is-config="true" duration-ms="2" started-at="2023-04-09T18:15:58 IST" finished-at="2023-04-09T18:15:58 IST">
          <reporter-output>
          </reporter-output>
        </test-method> <!-- afterMethod -->
        <test-method status="PASS" signature="afterClass()[pri:0, instance:colection.NewTestngclass@4b553d26]" name="afterClass" is-config="true" duration-ms="1" started-at="2023-04-09T18:15:58 IST" finished-at="2023-04-09T18:15:58 IST">
          <reporter-output>
          </reporter-output>
        </test-method> <!-- afterClass -->
        <test-method status="PASS" signature="afterTest()[pri:0, instance:colection.NewTestngclass@4b553d26]" name="afterTest" is-config="true" duration-ms="0" started-at="2023-04-09T18:15:58 IST" finished-at="2023-04-09T18:15:58 IST">
          <reporter-output>
          </reporter-output>
        </test-method> <!-- afterTest -->
        <test-method status="PASS" signature="afterSuite()[pri:0, instance:colection.NewTestngclass@4b553d26]" name="afterSuite" is-config="true" duration-ms="1" started-at="2023-04-09T18:15:58 IST" finished-at="2023-04-09T18:15:58 IST">
          <reporter-output>
          </reporter-output>
        </test-method> <!-- afterSuite -->
      </class> <!-- colection.NewTestngclass -->
    </test> <!-- Default test -->
  </suite> <!-- Default suite -->
</testng-results>
